

***********************************************************************
Fatal NI connect error 12545, connecting to:
 (DESCRIPTION=(ADDRESS=(PROTOCOL=TCP)(HOST=)(PORT=))(CONNECT_DATA=(SID=)(CID=(PROGRAM=C:\Program?Files??x86?\Sybase\PowerBuilder?10.5\PB105.EXE)(HOST=PYV-3000011291)(USER=50820hh1))))

  VERSION INFORMATION:
	TNS for 32-bit Windows: Version 10.2.0.5.0 - Production
	Windows NT TCP/IP NT Protocol Adapter for 32-bit Windows: Version 10.2.0.5.0 - Production
  Time: 16-DEC-2020 09:29:41
  Tracing not turned on.
  Tns error struct:
    ns main err code: 12545
    TNS-12545: Message 12545 not found; No message file for product=NETWORK, facility=TNS
    ns secondary err code: 12560
    nt main err code: 515
    TNS-00515: Message 515 not found; No message file for product=NETWORK, facility=TNS
    nt secondary err code: 1004
    nt OS err code: 0


***********************************************************************
Fatal NI connect error 12545, connecting to:
 (DESCRIPTION=(ADDRESS=(PROTOCOL=TCP)(HOST=pcagtst.pyv.com.vn)(PORT=1521))(CONNECT_DATA=(SID=pcagtst)(CID=(PROGRAM=C:\Program?Files??x86?\Sybase\PowerBuilder?10.5\PB105.EXE)(HOST=PYV-3000011291)(USER=50820hh1))))

  VERSION INFORMATION:
	TNS for 32-bit Windows: Version 10.2.0.5.0 - Production
	Windows NT TCP/IP NT Protocol Adapter for 32-bit Windows: Version 10.2.0.5.0 - Production
  Time: 16-DEC-2020 09:30:07
  Tracing not turned on.
  Tns error struct:
    ns main err code: 12545
    TNS-12545: Message 12545 not found; No message file for product=NETWORK, facility=TNS
    ns secondary err code: 12560
    nt main err code: 515
    TNS-00515: Message 515 not found; No message file for product=NETWORK, facility=TNS
    nt secondary err code: 1001
    nt OS err code: 0


***********************************************************************
Fatal NI connect error 12545, connecting to:
 (DESCRIPTION=(ADDRESS=(PROTOCOL=TCP)(HOST=pcagtst.pyv.com.vn)(PORT=1521))(CONNECT_DATA=(SID=PCAGTST)(CID=(PROGRAM=C:\Program?Files??x86?\Sybase\PowerBuilder?10.5\PB105.EXE)(HOST=PYV-3000011291)(USER=50820hh1))))

  VERSION INFORMATION:
	TNS for 32-bit Windows: Version 10.2.0.5.0 - Production
	Windows NT TCP/IP NT Protocol Adapter for 32-bit Windows: Version 10.2.0.5.0 - Production
  Time: 16-DEC-2020 09:31:23
  Tracing not turned on.
  Tns error struct:
    ns main err code: 12545
    TNS-12545: Message 12545 not found; No message file for product=NETWORK, facility=TNS
    ns secondary err code: 12560
    nt main err code: 515
    TNS-00515: Message 515 not found; No message file for product=NETWORK, facility=TNS
    nt secondary err code: 1001
    nt OS err code: 0
